<?xml version="1.0" encoding="UTF-8"?>
<!-- Generated by org.testng.reporters.JUnitReportReporter -->
<testsuite hostname="DIVESH13" failures="0" tests="2" name="selenium.report.Day7_5" time="51.643" errors="0" timestamp="5 Jun 2023 05:08:26 GMT">
  <testcase classname="selenium.report.Day7_5" name="SmokeTest" time="13.990"/>
  <testcase classname="selenium.report.Day7_5" name="RegressionTestCase" time="37.653"/>
</testsuite> <!-- selenium.report.Day7_5 -->
