<?xml version="1.0" encoding="UTF-8"?>
<!-- Generated by org.testng.reporters.JUnitReportReporter -->
<testsuite hostname="DIVESH13" failures="0" tests="4" name="selenium.report.day7_2" time="0.014" errors="0" timestamp="5 Jun 2023 05:12:17 GMT">
  <testcase classname="selenium.report.day7_2" name="mutiply" time="0.001"/>
  <testcase classname="selenium.report.day7_2" name="subtract" time="0.001"/>
  <testcase classname="selenium.report.day7_2" name="add" time="0.011"/>
  <testcase classname="selenium.report.day7_2" name="divide" time="0.001"/>
</testsuite> <!-- selenium.report.day7_2 -->
