<?xml version="1.0" encoding="UTF-8"?>
<!-- Generated by org.testng.reporters.JUnitReportReporter -->
<testsuite hostname="DIVESH13" failures="0" tests="1" name="selenium.report.day7_3" time="33.109" errors="0" timestamp="5 Jun 2023 05:12:01 GMT">
  <testcase classname="selenium.report.day7_3" name="main" time="33.109"/>
</testsuite> <!-- selenium.report.day7_3 -->
