<?xml version="1.0" encoding="UTF-8"?>
<!-- Generated by org.testng.reporters.JUnitReportReporter -->
<testsuite hostname="DIVESH13" failures="0" tests="1" name="selenium.report.day7_1" time="11.766" errors="0" timestamp="5 Jun 2023 05:12:43 GMT">
  <testcase classname="selenium.report.day7_1" name="checkTitle" time="11.766"/>
</testsuite> <!-- selenium.report.day7_1 -->
